2020-06-09T09:46:44+00:00 INFO Require to run updater..Start Installation/ Update process
2020-06-09T09:46:44+00:00 INFO Needs DB Update?
2020-06-09T09:46:44+00:00 INFO Current DB Version: 4.3.4
2020-06-09T09:46:44+00:00 INFO Database update require. Start updating database
2020-06-09T09:46:44+00:00 INFO Do Update....
2020-06-09T09:46:44+00:00 INFO Current IG ES DB Version: 4.3.4
2020-06-09T09:46:44+00:00 INFO [Queue] ig_es_update_441_create_tables
2020-06-09T09:46:44+00:00 INFO [Queue] ig_es_update_441_migrate_audience_sync_settings
2020-06-09T09:46:44+00:00 INFO [Queue] ig_es_update_441_db_version
2020-06-09T09:46:44+00:00 INFO [Queue] ig_es_update_442_set_workflows_default_permission
2020-06-09T09:46:44+00:00 INFO [Queue] ig_es_update_442_db_version
2020-06-09T09:46:44+00:00 INFO Yes, we have tasks to process
2020-06-09T09:46:44+00:00 INFO --------------------- Started To Run Task Again---------------------
2020-06-09T09:46:44+00:00 INFO [Processing] ig_es_update_441_create_tables
2020-06-09T09:46:44+00:00 INFO --- Running Task - ig_es_update_441_create_tables
2020-06-09T09:46:44+00:00 INFO --- Finished Task - ig_es_update_441_create_tables 
2020-06-09T09:46:44+00:00 INFO [Processed] ig_es_update_441_create_tables
2020-06-09T09:46:44+00:00 INFO [Processing] ig_es_update_441_migrate_audience_sync_settings
2020-06-09T09:46:44+00:00 INFO --- Running Task - ig_es_update_441_migrate_audience_sync_settings
2020-06-09T09:46:44+00:00 INFO --- Finished Task - ig_es_update_441_migrate_audience_sync_settings 
2020-06-09T09:46:44+00:00 INFO [Processed] ig_es_update_441_migrate_audience_sync_settings
2020-06-09T09:46:44+00:00 INFO [Processing] ig_es_update_441_db_version
2020-06-09T09:46:44+00:00 INFO --- Running Task - ig_es_update_441_db_version
2020-06-09T09:46:44+00:00 INFO --- Finished Task - ig_es_update_441_db_version 
2020-06-09T09:46:44+00:00 INFO [Processed] ig_es_update_441_db_version
2020-06-09T09:46:44+00:00 INFO [Processing] ig_es_update_442_set_workflows_default_permission
2020-06-09T09:46:44+00:00 INFO --- Running Task - ig_es_update_442_set_workflows_default_permission
2020-06-09T09:46:44+00:00 INFO --- Finished Task - ig_es_update_442_set_workflows_default_permission 
2020-06-09T09:46:44+00:00 INFO [Processed] ig_es_update_442_set_workflows_default_permission
2020-06-09T09:46:44+00:00 INFO [Processing] ig_es_update_442_db_version
2020-06-09T09:46:44+00:00 INFO --- Running Task - ig_es_update_442_db_version
2020-06-09T09:46:44+00:00 INFO --- Finished Task - ig_es_update_442_db_version 
2020-06-09T09:46:44+00:00 INFO [Processed] ig_es_update_442_db_version
